<?xml version="1.0" encoding="UTF-8"?>
<!-- Generated by org.testng.reporters.JUnitReportReporter -->
<testsuite hostname="DESKTOP-7JPU924" name="com.autonewtest.pages.Tab_Testpage" tests="3" failures="0" timestamp="11 Dec 2019 12:59:36 GMT" time="7.459" errors="0">
  <testcase name="getDresses" time="3.150" classname="com.autonewtest.pages.Tab_Testpage"/>
  <testcase name="getWomen" time="2.456" classname="com.autonewtest.pages.Tab_Testpage"/>
  <testcase name="getTshirts" time="1.853" classname="com.autonewtest.pages.Tab_Testpage"/>
</testsuite> <!-- com.autonewtest.pages.Tab_Testpage -->
