<?xml version="1.0" encoding="UTF-8"?>
<!-- Generated by org.testng.reporters.JUnitReportReporter -->
<testsuite hostname="DESKTOP-7JPU924" name="com.autonewtest.pages.Dress_Testpage" tests="2" failures="0" timestamp="11 Dec 2019 12:59:36 GMT" time="12.083" errors="0">
  <testcase name="verifydresspagenavigation" time="11.581" classname="com.autonewtest.pages.Dress_Testpage"/>
  <testcase name="verifysize" time="0.502" classname="com.autonewtest.pages.Dress_Testpage"/>
</testsuite> <!-- com.autonewtest.pages.Dress_Testpage -->
